<?xml version="1.0" encoding="UTF-8"?>
<testsuite xmlns:xsi="http://www.w3.org/2001/XMLSchema-instance" xsi:noNamespaceSchemaLocation="https://maven.apache.org/surefire/maven-surefire-plugin/xsd/surefire-test-report.xsd" name="com.example.serwis.controller.PostControllerTest" time="6.954" tests="10" errors="9" skipped="0" failures="0">
  <properties>
[...]
</properties>
  <testcase name="getMyPosts" classname="com.example.serwis.controller.PostControllerTest" time="0.376">
    <error message="Request processing failed; nested exception is java.lang.NullPointerException" type="org.springframework.web.util.NestedServletException">org.springframework.web.util.NestedServletException: Request processing failed; nested exception is java.lang.NullPointerException
	at com.example.serwis.controller.PostControllerTest.getMyPosts(PostControllerTest.java:94)
Caused by: java.lang.NullPointerException
	at com.example.serwis.controller.PostControllerTest.getMyPosts(PostControllerTest.java:94)
</error>
    <system-out><![CDATA[01:11:33.855 [main] DEBUG org.springframework.test.context.BootstrapUtils - Instantiating CacheAwareContextLoaderDelegate from class [org.springframework.test.context.cache.DefaultCacheAwareContextLoaderDelegate]
01:11:33.871 [main] DEBUG org.springframework.test.context.BootstrapUtils - Instantiating BootstrapContext using constructor [public org.springframework.test.context.support.DefaultBootstrapContext(java.lang.Class,org.springframework.test.context.CacheAwareContextLoaderDelegate)]
01:11:33.902 [main] DEBUG org.springframework.test.context.BootstrapUtils - Instantiating TestContextBootstrapper for test class [com.example.serwis.controller.PostControllerTest] from class [org.springframework.boot.test.context.SpringBootTestContextBootstrapper]
01:11:33.902 [main] INFO org.springframework.boot.test.context.SpringBootTestContextBootstrapper - Neither @ContextConfiguration nor @ContextHierarchy found for test class [com.example.serwis.controller.PostControllerTest], using SpringBootContextLoader
01:11:33.918 [main] DEBUG org.springframework.test.context.support.AbstractContextLoader - Did not detect default resource location for test class [com.example.serwis.controller.PostControllerTest]: class path resource [com/example/serwis/controller/PostControllerTest-context.xml] does not exist
01:11:33.918 [main] DEBUG org.springframework.test.context.support.AbstractContextLoader - Did not detect default resource location for test class [com.example.serwis.controller.PostControllerTest]: class path resource [com/example/serwis/controller/PostControllerTestContext.groovy] does not exist
01:11:33.918 [main] INFO org.springframework.test.context.support.AbstractContextLoader - Could not detect default resource locations for test class [com.example.serwis.controller.PostControllerTest]: no resource found for suffixes {-context.xml, Context.groovy}.
01:11:33.918 [main] INFO org.springframework.test.context.support.AnnotationConfigContextLoaderUtils - Could not detect default configuration classes for test class [com.example.serwis.controller.PostControllerTest]: PostControllerTest does not declare any static, non-private, non-final, nested classes annotated with @Configuration.
01:11:33.965 [main] DEBUG org.springframework.test.context.support.ActiveProfilesUtils - Could not find an 'annotation declaring class' for annotation type [org.springframework.test.context.ActiveProfiles] and class [com.example.serwis.controller.PostControllerTest]
01:11:34.043 [main] DEBUG org.springframework.context.annotation.ClassPathScanningCandidateComponentProvider - Identified candidate component class: file [C:\Users\jedrz\IdeaProjects\projekt\serwis\target\classes\com\example\serwis\SerwisApplication.class]
01:11:34.043 [main] INFO org.springframework.boot.test.context.SpringBootTestContextBootstrapper - Found @SpringBootConfiguration com.example.serwis.SerwisApplication for test class com.example.serwis.controller.PostControllerTest
01:11:34.152 [main] DEBUG org.springframework.boot.test.context.SpringBootTestContextBootstrapper - @TestExecutionListeners is not present for class [com.example.serwis.controller.PostControllerTest]: using defaults.
01:11:34.152 [main] INFO org.springframework.boot.test.context.SpringBootTestContextBootstrapper - Loaded default TestExecutionListener class names from location [META-INF/spring.factories]: [org.springframework.security.test.context.support.WithSecurityContextTestExecutionListener, org.springframework.security.test.context.support.ReactorContextTestExecutionListener, org.springframework.test.context.web.ServletTestExecutionListener, org.springframework.test.context.support.DirtiesContextBeforeModesTestExecutionListener, org.springframework.test.context.event.ApplicationEventsTestExecutionListener, org.springframework.test.context.support.DependencyInjectionTestExecutionListener, org.springframework.test.context.support.DirtiesContextTestExecutionListener, org.springframework.test.context.transaction.TransactionalTestExecutionListener, org.springframework.test.context.jdbc.SqlScriptsTestExecutionListener, org.springframework.test.context.event.EventPublishingTestExecutionListener, org.springframework.boot.test.mock.mockito.MockitoTestExecutionListener, org.springframework.boot.test.mock.mockito.ResetMocksTestExecutionListener, org.springframework.boot.test.autoconfigure.restdocs.RestDocsTestExecutionListener, org.springframework.boot.test.autoconfigure.web.client.MockRestServiceServerResetTestExecutionListener, org.springframework.boot.test.autoconfigure.web.servlet.MockMvcPrintOnlyOnFailureTestExecutionListener, org.springframework.boot.test.autoconfigure.web.servlet.WebDriverTestExecutionListener, org.springframework.boot.test.autoconfigure.webservices.client.MockWebServiceServerTestExecutionListener]
01:11:34.183 [main] INFO org.springframework.boot.test.context.SpringBootTestContextBootstrapper - Using TestExecutionListeners: [org.springframework.test.context.web.ServletTestExecutionListener@495083a0, org.springframework.test.context.support.DirtiesContextBeforeModesTestExecutionListener@5fd62371, org.springframework.test.context.event.ApplicationEventsTestExecutionListener@28a0fd6c, org.springframework.boot.test.mock.mockito.MockitoTestExecutionListener@2b62442c, org.springframework.boot.test.autoconfigure.SpringBootDependencyInjectionTestExecutionListener@66629f63, org.springframework.test.context.support.DirtiesContextTestExecutionListener@841e575, org.springframework.test.context.transaction.TransactionalTestExecutionListener@27a5328c, org.springframework.test.context.jdbc.SqlScriptsTestExecutionListener@1e5f4170, org.springframework.security.test.context.support.WithSecurityContextTestExecutionListener@6c345c5f, org.springframework.test.context.event.EventPublishingTestExecutionListener@6b5966e1, org.springframework.security.test.context.support.ReactorContextTestExecutionListener@65e61854, org.springframework.boot.test.mock.mockito.ResetMocksTestExecutionListener@1568159, org.springframework.boot.test.autoconfigure.restdocs.RestDocsTestExecutionListener@4fcee388, org.springframework.boot.test.autoconfigure.web.client.MockRestServiceServerResetTestExecutionListener@6f80fafe, org.springframework.boot.test.autoconfigure.web.servlet.MockMvcPrintOnlyOnFailureTestExecutionListener@3af17be2, org.springframework.boot.test.autoconfigure.web.servlet.WebDriverTestExecutionListener@f9879ac, org.springframework.boot.test.autoconfigure.webservices.client.MockWebServiceServerTestExecutionListener@37f21974]
01:11:34.183 [main] DEBUG org.springframework.test.context.support.AbstractDirtiesContextTestExecutionListener - Before test class: context [DefaultTestContext@4b6579e8 testClass = PostControllerTest, testInstance = [null], testMethod = [null], testException = [null], mergedContextConfiguration = [WebMergedContextConfiguration@6fff253c testClass = PostControllerTest, locations = '{}', classes = '{class com.example.serwis.SerwisApplication}', contextInitializerClasses = '[]', activeProfiles = '{}', propertySourceLocations = '{}', propertySourceProperties = '{org.springframework.boot.test.context.SpringBootTestContextBootstrapper=true}', contextCustomizers = set[[ImportsContextCustomizer@6c6357f9 key = [org.springframework.boot.test.autoconfigure.web.servlet.MockMvcAutoConfiguration, org.springframework.boot.test.autoconfigure.web.servlet.MockMvcWebClientAutoConfiguration, org.springframework.boot.test.autoconfigure.web.servlet.MockMvcWebDriverAutoConfiguration, org.springframework.boot.autoconfigure.security.oauth2.client.servlet.OAuth2ClientAutoConfiguration, org.springframework.boot.autoconfigure.security.oauth2.resource.servlet.OAuth2ResourceServerAutoConfiguration, org.springframework.boot.autoconfigure.security.servlet.SecurityAutoConfiguration, org.springframework.boot.autoconfigure.security.servlet.SecurityFilterAutoConfiguration, org.springframework.boot.autoconfigure.security.servlet.UserDetailsServiceAutoConfiguration, org.springframework.boot.test.autoconfigure.web.servlet.MockMvcSecurityConfiguration, org.springframework.boot.test.autoconfigure.web.reactive.WebTestClientAutoConfiguration]], org.springframework.boot.test.context.filter.ExcludeFilterContextCustomizer@58be6e8, org.springframework.boot.test.json.DuplicateJsonObjectContextCustomizerFactory$DuplicateJsonObjectContextCustomizer@2bd08376, org.springframework.boot.test.mock.mockito.MockitoContextCustomizer@0, org.springframework.boot.test.web.client.TestRestTemplateContextCustomizer@6f63b475, org.springframework.boot.test.autoconfigure.actuate.metrics.MetricsExportContextCustomizerFactory$DisableMetricExportContextCustomizer@6b88ca8c, org.springframework.boot.test.autoconfigure.properties.PropertyMappingContextCustomizer@4b3fa0b3, org.springframework.boot.test.autoconfigure.web.servlet.WebDriverContextCustomizerFactory$Customizer@4ed5eb72, org.springframework.boot.test.context.SpringBootTestArgs@1, org.springframework.boot.test.context.SpringBootTestWebEnvironment@55182842], resourceBasePath = 'src/main/webapp', contextLoader = 'org.springframework.boot.test.context.SpringBootContextLoader', parent = [null]], attributes = map['org.springframework.test.context.web.ServletTestExecutionListener.activateListener' -> true]], class annotated with @DirtiesContext [false] with mode [null].

  .   ____          _            __ _ _
 /\\ / ___'_ __ _ _(_)_ __  __ _ \ \ \ \
( ( )\___ | '_ | '_| | '_ \/ _` | \ \ \ \
 \\/  ___)| |_)| | | | | || (_| |  ) ) ) )
  '  |____| .__|_| |_|_| |_\__, | / / / /
 =========|_|==============|___/=/_/_/_/
 :: Spring Boot ::                (v2.7.3)

2023-03-16 01:11:34.496  INFO 6152 --- [           main] c.e.s.controller.PostControllerTest      : Starting PostControllerTest using Java 11.0.17 on DESKTOP-IN9IK56 with PID 6152 (started by jedras in C:\Users\jedrz\IdeaProjects\projekt\serwis)
2023-03-16 01:11:34.496  INFO 6152 --- [           main] c.e.s.controller.PostControllerTest      : No active profile set, falling back to 1 default profile: "default"
2023-03-16 01:11:35.146  INFO 6152 --- [           main] .s.d.r.c.RepositoryConfigurationDelegate : Bootstrapping Spring Data JPA repositories in DEFAULT mode.
2023-03-16 01:11:35.224  INFO 6152 --- [           main] .s.d.r.c.RepositoryConfigurationDelegate : Finished Spring Data repository scanning in 65 ms. Found 6 JPA repository interfaces.
2023-03-16 01:11:35.703  INFO 6152 --- [           main] com.zaxxer.hikari.HikariDataSource       : HikariPool-1 - Starting...
2023-03-16 01:11:36.643  INFO 6152 --- [           main] com.zaxxer.hikari.HikariDataSource       : HikariPool-1 - Start completed.
2023-03-16 01:11:36.690  INFO 6152 --- [           main] o.hibernate.jpa.internal.util.LogHelper  : HHH000204: Processing PersistenceUnitInfo [name: default]
2023-03-16 01:11:36.768  INFO 6152 --- [           main] org.hibernate.Version                    : HHH000412: Hibernate ORM core version 5.6.10.Final
2023-03-16 01:11:36.940  INFO 6152 --- [           main] o.hibernate.annotations.common.Version   : HCANN000001: Hibernate Commons Annotations {5.1.2.Final}
2023-03-16 01:11:37.097  INFO 6152 --- [           main] org.hibernate.dialect.Dialect            : HHH000400: Using dialect: org.hibernate.dialect.MySQL8Dialect
2023-03-16 01:11:37.661  INFO 6152 --- [           main] o.h.e.t.j.p.i.JtaPlatformInitiator       : HHH000490: Using JtaPlatform implementation: [org.hibernate.engine.transaction.jta.platform.internal.NoJtaPlatform]
2023-03-16 01:11:37.676  INFO 6152 --- [           main] j.LocalContainerEntityManagerFactoryBean : Initialized JPA EntityManagerFactory for persistence unit 'default'
2023-03-16 01:11:38.129  WARN 6152 --- [           main] JpaBaseConfiguration$JpaWebConfiguration : spring.jpa.open-in-view is enabled by default. Therefore, database queries may be performed during view rendering. Explicitly configure spring.jpa.open-in-view to disable this warning
2023-03-16 01:11:38.864  INFO 6152 --- [           main] o.s.s.web.DefaultSecurityFilterChain     : Will secure any request with [org.springframework.security.web.session.DisableEncodeUrlFilter@737ae41a, org.springframework.security.web.context.request.async.WebAsyncManagerIntegrationFilter@7a05cdc8, org.springframework.security.web.context.SecurityContextPersistenceFilter@434a2a10, org.springframework.security.web.header.HeaderWriterFilter@1f3f0d25, org.springframework.web.filter.CorsFilter@5f3fafca, org.springframework.security.web.authentication.logout.LogoutFilter@30ce78e3, com.example.serwis.JwtAuthorizationFilter@174aabb2, org.springframework.security.web.savedrequest.RequestCacheAwareFilter@4fe9fb65, org.springframework.security.web.servletapi.SecurityContextHolderAwareRequestFilter@25b87e1b, org.springframework.security.web.authentication.AnonymousAuthenticationFilter@33b4c775, org.springframework.security.web.session.SessionManagementFilter@45e68fac, org.springframework.security.web.access.ExceptionTranslationFilter@4a5c6b30, org.springframework.security.web.access.intercept.FilterSecurityInterceptor@28d728f1]
2023-03-16 01:11:39.505  INFO 6152 --- [           main] o.s.b.t.m.w.SpringBootMockServletContext : Initializing Spring TestDispatcherServlet ''
2023-03-16 01:11:39.505  INFO 6152 --- [           main] o.s.t.web.servlet.TestDispatcherServlet  : Initializing Servlet ''
2023-03-16 01:11:39.505  INFO 6152 --- [           main] o.s.t.web.servlet.TestDispatcherServlet  : Completed initialization in 0 ms
2023-03-16 01:11:39.521  INFO 6152 --- [           main] c.e.s.controller.PostControllerTest      : Started PostControllerTest in 5.312 seconds (JVM running for 18.354)
]]></system-out>
  </testcase>
  <testcase name="addComment" classname="com.example.serwis.controller.PostControllerTest" time="0.138">
    <error message="Request processing failed; nested exception is java.lang.NullPointerException" type="org.springframework.web.util.NestedServletException">org.springframework.web.util.NestedServletException: Request processing failed; nested exception is java.lang.NullPointerException
	at com.example.serwis.controller.PostControllerTest.addComment(PostControllerTest.java:135)
Caused by: java.lang.NullPointerException
	at com.example.serwis.controller.PostControllerTest.addComment(PostControllerTest.java:135)
</error>
    <system-out><![CDATA[2023-03-16 01:11:39.960  INFO 6152 --- [           main] o.s.t.c.transaction.TransactionContext   : Began transaction (1) for test context [DefaultTestContext@4b6579e8 testClass = PostControllerTest, testInstance = com.example.serwis.controller.PostControllerTest@3612a60d, testMethod = addComment@PostControllerTest, testException = [null], mergedContextConfiguration = [WebMergedContextConfiguration@6fff253c testClass = PostControllerTest, locations = '{}', classes = '{class com.example.serwis.SerwisApplication}', contextInitializerClasses = '[]', activeProfiles = '{}', propertySourceLocations = '{}', propertySourceProperties = '{org.springframework.boot.test.context.SpringBootTestContextBootstrapper=true}', contextCustomizers = set[[ImportsContextCustomizer@6c6357f9 key = [org.springframework.boot.test.autoconfigure.web.servlet.MockMvcAutoConfiguration, org.springframework.boot.test.autoconfigure.web.servlet.MockMvcWebClientAutoConfiguration, org.springframework.boot.test.autoconfigure.web.servlet.MockMvcWebDriverAutoConfiguration, org.springframework.boot.autoconfigure.security.oauth2.client.servlet.OAuth2ClientAutoConfiguration, org.springframework.boot.autoconfigure.security.oauth2.resource.servlet.OAuth2ResourceServerAutoConfiguration, org.springframework.boot.autoconfigure.security.servlet.SecurityAutoConfiguration, org.springframework.boot.autoconfigure.security.servlet.SecurityFilterAutoConfiguration, org.springframework.boot.autoconfigure.security.servlet.UserDetailsServiceAutoConfiguration, org.springframework.boot.test.autoconfigure.web.servlet.MockMvcSecurityConfiguration, org.springframework.boot.test.autoconfigure.web.reactive.WebTestClientAutoConfiguration]], org.springframework.boot.test.context.filter.ExcludeFilterContextCustomizer@58be6e8, org.springframework.boot.test.json.DuplicateJsonObjectContextCustomizerFactory$DuplicateJsonObjectContextCustomizer@2bd08376, org.springframework.boot.test.mock.mockito.MockitoContextCustomizer@0, org.springframework.boot.test.web.client.TestRestTemplateContextCustomizer@6f63b475, org.springframework.boot.test.autoconfigure.actuate.metrics.MetricsExportContextCustomizerFactory$DisableMetricExportContextCustomizer@6b88ca8c, org.springframework.boot.test.autoconfigure.properties.PropertyMappingContextCustomizer@4b3fa0b3, org.springframework.boot.test.autoconfigure.web.servlet.WebDriverContextCustomizerFactory$Customizer@4ed5eb72, org.springframework.boot.test.context.SpringBootTestArgs@1, org.springframework.boot.test.context.SpringBootTestWebEnvironment@55182842], resourceBasePath = 'src/main/webapp', contextLoader = 'org.springframework.boot.test.context.SpringBootContextLoader', parent = [null]], attributes = map['org.springframework.test.context.web.ServletTestExecutionListener.activateListener' -> true, 'org.springframework.test.context.web.ServletTestExecutionListener.populatedRequestContextHolder' -> true, 'org.springframework.test.context.web.ServletTestExecutionListener.resetRequestContextHolder' -> true, 'org.springframework.test.context.event.ApplicationEventsTestExecutionListener.recordApplicationEvents' -> false]]; transaction manager [org.springframework.orm.jpa.JpaTransactionManager@b9c8678]; rollback [true]
2023-03-16 01:11:40.066  INFO 6152 --- [           main] o.s.t.c.transaction.TransactionContext   : Rolled back transaction for test: [DefaultTestContext@4b6579e8 testClass = PostControllerTest, testInstance = com.example.serwis.controller.PostControllerTest@3612a60d, testMethod = addComment@PostControllerTest, testException = org.springframework.web.util.NestedServletException: Request processing failed; nested exception is java.lang.NullPointerException, mergedContextConfiguration = [WebMergedContextConfiguration@6fff253c testClass = PostControllerTest, locations = '{}', classes = '{class com.example.serwis.SerwisApplication}', contextInitializerClasses = '[]', activeProfiles = '{}', propertySourceLocations = '{}', propertySourceProperties = '{org.springframework.boot.test.context.SpringBootTestContextBootstrapper=true}', contextCustomizers = set[[ImportsContextCustomizer@6c6357f9 key = [org.springframework.boot.test.autoconfigure.web.servlet.MockMvcAutoConfiguration, org.springframework.boot.test.autoconfigure.web.servlet.MockMvcWebClientAutoConfiguration, org.springframework.boot.test.autoconfigure.web.servlet.MockMvcWebDriverAutoConfiguration, org.springframework.boot.autoconfigure.security.oauth2.client.servlet.OAuth2ClientAutoConfiguration, org.springframework.boot.autoconfigure.security.oauth2.resource.servlet.OAuth2ResourceServerAutoConfiguration, org.springframework.boot.autoconfigure.security.servlet.SecurityAutoConfiguration, org.springframework.boot.autoconfigure.security.servlet.SecurityFilterAutoConfiguration, org.springframework.boot.autoconfigure.security.servlet.UserDetailsServiceAutoConfiguration, org.springframework.boot.test.autoconfigure.web.servlet.MockMvcSecurityConfiguration, org.springframework.boot.test.autoconfigure.web.reactive.WebTestClientAutoConfiguration]], org.springframework.boot.test.context.filter.ExcludeFilterContextCustomizer@58be6e8, org.springframework.boot.test.json.DuplicateJsonObjectContextCustomizerFactory$DuplicateJsonObjectContextCustomizer@2bd08376, org.springframework.boot.test.mock.mockito.MockitoContextCustomizer@0, org.springframework.boot.test.web.client.TestRestTemplateContextCustomizer@6f63b475, org.springframework.boot.test.autoconfigure.actuate.metrics.MetricsExportContextCustomizerFactory$DisableMetricExportContextCustomizer@6b88ca8c, org.springframework.boot.test.autoconfigure.properties.PropertyMappingContextCustomizer@4b3fa0b3, org.springframework.boot.test.autoconfigure.web.servlet.WebDriverContextCustomizerFactory$Customizer@4ed5eb72, org.springframework.boot.test.context.SpringBootTestArgs@1, org.springframework.boot.test.context.SpringBootTestWebEnvironment@55182842], resourceBasePath = 'src/main/webapp', contextLoader = 'org.springframework.boot.test.context.SpringBootContextLoader', parent = [null]], attributes = map['org.springframework.test.context.web.ServletTestExecutionListener.activateListener' -> true, 'org.springframework.test.context.web.ServletTestExecutionListener.populatedRequestContextHolder' -> true, 'org.springframework.test.context.web.ServletTestExecutionListener.resetRequestContextHolder' -> true, 'org.springframework.test.context.event.ApplicationEventsTestExecutionListener.recordApplicationEvents' -> false]]
]]></system-out>
  </testcase>
  <testcase name="addPost" classname="com.example.serwis.controller.PostControllerTest" time="0.14">
    <error message="Request processing failed; nested exception is java.lang.NullPointerException" type="org.springframework.web.util.NestedServletException">org.springframework.web.util.NestedServletException: Request processing failed; nested exception is java.lang.NullPointerException
	at com.example.serwis.controller.PostControllerTest.addPost(PostControllerTest.java:56)
Caused by: java.lang.NullPointerException
	at com.example.serwis.controller.PostControllerTest.addPost(PostControllerTest.java:56)
</error>
    <system-out><![CDATA[2023-03-16 01:11:40.107  INFO 6152 --- [           main] o.s.t.c.transaction.TransactionContext   : Began transaction (1) for test context [DefaultTestContext@4b6579e8 testClass = PostControllerTest, testInstance = com.example.serwis.controller.PostControllerTest@361a1e86, testMethod = addPost@PostControllerTest, testException = [null], mergedContextConfiguration = [WebMergedContextConfiguration@6fff253c testClass = PostControllerTest, locations = '{}', classes = '{class com.example.serwis.SerwisApplication}', contextInitializerClasses = '[]', activeProfiles = '{}', propertySourceLocations = '{}', propertySourceProperties = '{org.springframework.boot.test.context.SpringBootTestContextBootstrapper=true}', contextCustomizers = set[[ImportsContextCustomizer@6c6357f9 key = [org.springframework.boot.test.autoconfigure.web.servlet.MockMvcAutoConfiguration, org.springframework.boot.test.autoconfigure.web.servlet.MockMvcWebClientAutoConfiguration, org.springframework.boot.test.autoconfigure.web.servlet.MockMvcWebDriverAutoConfiguration, org.springframework.boot.autoconfigure.security.oauth2.client.servlet.OAuth2ClientAutoConfiguration, org.springframework.boot.autoconfigure.security.oauth2.resource.servlet.OAuth2ResourceServerAutoConfiguration, org.springframework.boot.autoconfigure.security.servlet.SecurityAutoConfiguration, org.springframework.boot.autoconfigure.security.servlet.SecurityFilterAutoConfiguration, org.springframework.boot.autoconfigure.security.servlet.UserDetailsServiceAutoConfiguration, org.springframework.boot.test.autoconfigure.web.servlet.MockMvcSecurityConfiguration, org.springframework.boot.test.autoconfigure.web.reactive.WebTestClientAutoConfiguration]], org.springframework.boot.test.context.filter.ExcludeFilterContextCustomizer@58be6e8, org.springframework.boot.test.json.DuplicateJsonObjectContextCustomizerFactory$DuplicateJsonObjectContextCustomizer@2bd08376, org.springframework.boot.test.mock.mockito.MockitoContextCustomizer@0, org.springframework.boot.test.web.client.TestRestTemplateContextCustomizer@6f63b475, org.springframework.boot.test.autoconfigure.actuate.metrics.MetricsExportContextCustomizerFactory$DisableMetricExportContextCustomizer@6b88ca8c, org.springframework.boot.test.autoconfigure.properties.PropertyMappingContextCustomizer@4b3fa0b3, org.springframework.boot.test.autoconfigure.web.servlet.WebDriverContextCustomizerFactory$Customizer@4ed5eb72, org.springframework.boot.test.context.SpringBootTestArgs@1, org.springframework.boot.test.context.SpringBootTestWebEnvironment@55182842], resourceBasePath = 'src/main/webapp', contextLoader = 'org.springframework.boot.test.context.SpringBootContextLoader', parent = [null]], attributes = map['org.springframework.test.context.web.ServletTestExecutionListener.activateListener' -> true, 'org.springframework.test.context.web.ServletTestExecutionListener.populatedRequestContextHolder' -> true, 'org.springframework.test.context.web.ServletTestExecutionListener.resetRequestContextHolder' -> true, 'org.springframework.test.context.event.ApplicationEventsTestExecutionListener.recordApplicationEvents' -> false]]; transaction manager [org.springframework.orm.jpa.JpaTransactionManager@b9c8678]; rollback [true]
2023-03-16 01:11:40.190  INFO 6152 --- [           main] o.s.t.c.transaction.TransactionContext   : Rolled back transaction for test: [DefaultTestContext@4b6579e8 testClass = PostControllerTest, testInstance = com.example.serwis.controller.PostControllerTest@361a1e86, testMethod = addPost@PostControllerTest, testException = org.springframework.web.util.NestedServletException: Request processing failed; nested exception is java.lang.NullPointerException, mergedContextConfiguration = [WebMergedContextConfiguration@6fff253c testClass = PostControllerTest, locations = '{}', classes = '{class com.example.serwis.SerwisApplication}', contextInitializerClasses = '[]', activeProfiles = '{}', propertySourceLocations = '{}', propertySourceProperties = '{org.springframework.boot.test.context.SpringBootTestContextBootstrapper=true}', contextCustomizers = set[[ImportsContextCustomizer@6c6357f9 key = [org.springframework.boot.test.autoconfigure.web.servlet.MockMvcAutoConfiguration, org.springframework.boot.test.autoconfigure.web.servlet.MockMvcWebClientAutoConfiguration, org.springframework.boot.test.autoconfigure.web.servlet.MockMvcWebDriverAutoConfiguration, org.springframework.boot.autoconfigure.security.oauth2.client.servlet.OAuth2ClientAutoConfiguration, org.springframework.boot.autoconfigure.security.oauth2.resource.servlet.OAuth2ResourceServerAutoConfiguration, org.springframework.boot.autoconfigure.security.servlet.SecurityAutoConfiguration, org.springframework.boot.autoconfigure.security.servlet.SecurityFilterAutoConfiguration, org.springframework.boot.autoconfigure.security.servlet.UserDetailsServiceAutoConfiguration, org.springframework.boot.test.autoconfigure.web.servlet.MockMvcSecurityConfiguration, org.springframework.boot.test.autoconfigure.web.reactive.WebTestClientAutoConfiguration]], org.springframework.boot.test.context.filter.ExcludeFilterContextCustomizer@58be6e8, org.springframework.boot.test.json.DuplicateJsonObjectContextCustomizerFactory$DuplicateJsonObjectContextCustomizer@2bd08376, org.springframework.boot.test.mock.mockito.MockitoContextCustomizer@0, org.springframework.boot.test.web.client.TestRestTemplateContextCustomizer@6f63b475, org.springframework.boot.test.autoconfigure.actuate.metrics.MetricsExportContextCustomizerFactory$DisableMetricExportContextCustomizer@6b88ca8c, org.springframework.boot.test.autoconfigure.properties.PropertyMappingContextCustomizer@4b3fa0b3, org.springframework.boot.test.autoconfigure.web.servlet.WebDriverContextCustomizerFactory$Customizer@4ed5eb72, org.springframework.boot.test.context.SpringBootTestArgs@1, org.springframework.boot.test.context.SpringBootTestWebEnvironment@55182842], resourceBasePath = 'src/main/webapp', contextLoader = 'org.springframework.boot.test.context.SpringBootContextLoader', parent = [null]], attributes = map['org.springframework.test.context.web.ServletTestExecutionListener.activateListener' -> true, 'org.springframework.test.context.web.ServletTestExecutionListener.populatedRequestContextHolder' -> true, 'org.springframework.test.context.web.ServletTestExecutionListener.resetRequestContextHolder' -> true, 'org.springframework.test.context.event.ApplicationEventsTestExecutionListener.recordApplicationEvents' -> false]]
]]></system-out>
  </testcase>
  <testcase name="getLikedPosts" classname="com.example.serwis.controller.PostControllerTest" time="0.031">
    <error message="Request processing failed; nested exception is java.lang.NullPointerException" type="org.springframework.web.util.NestedServletException">org.springframework.web.util.NestedServletException: Request processing failed; nested exception is java.lang.NullPointerException
	at com.example.serwis.controller.PostControllerTest.getLikedPosts(PostControllerTest.java:123)
Caused by: java.lang.NullPointerException
	at com.example.serwis.controller.PostControllerTest.getLikedPosts(PostControllerTest.java:123)
</error>
  </testcase>
  <testcase name="searchPosts" classname="com.example.serwis.controller.PostControllerTest" time="0.031">
    <error message="Request processing failed; nested exception is java.lang.NullPointerException" type="org.springframework.web.util.NestedServletException">org.springframework.web.util.NestedServletException: Request processing failed; nested exception is java.lang.NullPointerException
	at com.example.serwis.controller.PostControllerTest.searchPosts(PostControllerTest.java:64)
Caused by: java.lang.NullPointerException
	at com.example.serwis.controller.PostControllerTest.searchPosts(PostControllerTest.java:64)
</error>
  </testcase>
  <testcase name="getPost" classname="com.example.serwis.controller.PostControllerTest" time="0.031">
    <error message="Request processing failed; nested exception is java.lang.NullPointerException" type="org.springframework.web.util.NestedServletException">org.springframework.web.util.NestedServletException: Request processing failed; nested exception is java.lang.NullPointerException
	at com.example.serwis.controller.PostControllerTest.getPost(PostControllerTest.java:84)
Caused by: java.lang.NullPointerException
	at com.example.serwis.controller.PostControllerTest.getPost(PostControllerTest.java:84)
</error>
  </testcase>
  <testcase name="shouldDeletePost" classname="com.example.serwis.controller.PostControllerTest" time="0.339"/>
  <testcase name="getUserPosts" classname="com.example.serwis.controller.PostControllerTest" time="0.031">
    <error message="Request processing failed; nested exception is java.lang.NullPointerException" type="org.springframework.web.util.NestedServletException">org.springframework.web.util.NestedServletException: Request processing failed; nested exception is java.lang.NullPointerException
	at com.example.serwis.controller.PostControllerTest.getUserPosts(PostControllerTest.java:113)
Caused by: java.lang.NullPointerException
	at com.example.serwis.controller.PostControllerTest.getUserPosts(PostControllerTest.java:113)
</error>
  </testcase>
  <testcase name="getPosts" classname="com.example.serwis.controller.PostControllerTest" time="0.047">
    <error message="Request processing failed; nested exception is java.lang.NullPointerException" type="org.springframework.web.util.NestedServletException">org.springframework.web.util.NestedServletException: Request processing failed; nested exception is java.lang.NullPointerException
	at com.example.serwis.controller.PostControllerTest.getPosts(PostControllerTest.java:45)
Caused by: java.lang.NullPointerException
	at com.example.serwis.controller.PostControllerTest.getPosts(PostControllerTest.java:45)
</error>
  </testcase>
  <testcase name="getFollowedUsersPosts" classname="com.example.serwis.controller.PostControllerTest" time="0.031">
    <error message="Request processing failed; nested exception is java.lang.NullPointerException" type="org.springframework.web.util.NestedServletException">org.springframework.web.util.NestedServletException: Request processing failed; nested exception is java.lang.NullPointerException
	at com.example.serwis.controller.PostControllerTest.getFollowedUsersPosts(PostControllerTest.java:74)
Caused by: java.lang.NullPointerException
	at com.example.serwis.controller.PostControllerTest.getFollowedUsersPosts(PostControllerTest.java:74)
</error>
  </testcase>
</testsuite>